<?xml version="1.0" encoding="UTF-8"?>
<!-- Generated by org.testng.reporters.JUnitReportReporter -->
<testsuite hostname="DESKTOP-N3LRL61" failures="0" tests="1" name="The_Testing_Academy.KeyBoardMouseDemo" time="29.656" errors="1" timestamp="2023-10-23T13:36:08 IST" skipped="0">
  <testcase classname="The_Testing_Academy.KeyBoardMouseDemo" name="popUpTest" time="29.656">
    <error message="Error {
  message=&#039;TypeError: Cannot read properties of undefined (reading &#039;textContent&#039;)
    at eval (eval at evaluate (:216:30), &lt;anonymous&gt;:1:18)
    at UtilityScript.evaluate (&lt;anonymous&gt;:223:19)
    at UtilityScript.&lt;anonymous&gt; (&lt;anonymous&gt;:1:44)
  name=&#039;Error
  stack=&#039;Error: TypeError: Cannot read properties of undefined (reading &#039;textContent&#039;)
    at eval (eval at evaluate (:216:30), &lt;anonymous&gt;:1:18)
    at UtilityScript.evaluate (&lt;anonymous&gt;:223:19)
    at UtilityScript.&lt;anonymous&gt; (&lt;anonymous&gt;:1:44)
    at CRExecutionContext.evaluateWithArguments (C:\Users\HP\AppData\Local\Temp\playwright-java-3420212558932608258\package\lib\server\chromium\crExecutionContext.js:92:33)
    at async LongStandingScope._race (C:\Users\HP\AppData\Local\Temp\playwright-java-3420212558932608258\package\lib\utils\manualPromise.js:98:14)
    at async Object.evaluateExpression (C:\Users\HP\AppData\Local\Temp\playwright-java-3420212558932608258\package\lib\server\javascript.js:241:12)
    at async Frame.evaluateExpression (C:\Users\HP\AppData\Local\Temp\playwright-java-3420212558932608258\package\lib\server\frames.js:597:19)
    at async FrameDispatcher.evaluateExpression (C:\Users\HP\AppData\Local\Temp\playwright-java-3420212558932608258\package\lib\server\dispatchers\frameDispatcher.js:88:55)
    at async DispatcherConnection.dispatch (C:\Users\HP\AppData\Local\Temp\playwright-java-3420212558932608258\package\lib\server\dispatchers\dispatcher.js:313:22)
}" type="com.microsoft.playwright.PlaywrightException">
      <![CDATA[com.microsoft.playwright.PlaywrightException: Error {
  message='TypeError: Cannot read properties of undefined (reading 'textContent')
    at eval (eval at evaluate (:216:30), <anonymous>:1:18)
    at UtilityScript.evaluate (<anonymous>:223:19)
    at UtilityScript.<anonymous> (<anonymous>:1:44)
  name='Error
  stack='Error: TypeError: Cannot read properties of undefined (reading 'textContent')
    at eval (eval at evaluate (:216:30), <anonymous>:1:18)
    at UtilityScript.evaluate (<anonymous>:223:19)
    at UtilityScript.<anonymous> (<anonymous>:1:44)
    at CRExecutionContext.evaluateWithArguments (C:\Users\HP\AppData\Local\Temp\playwright-java-3420212558932608258\package\lib\server\chromium\crExecutionContext.js:92:33)
    at async LongStandingScope._race (C:\Users\HP\AppData\Local\Temp\playwright-java-3420212558932608258\package\lib\utils\manualPromise.js:98:14)
    at async Object.evaluateExpression (C:\Users\HP\AppData\Local\Temp\playwright-java-3420212558932608258\package\lib\server\javascript.js:241:12)
    at async Frame.evaluateExpression (C:\Users\HP\AppData\Local\Temp\playwright-java-3420212558932608258\package\lib\server\frames.js:597:19)
    at async FrameDispatcher.evaluateExpression (C:\Users\HP\AppData\Local\Temp\playwright-java-3420212558932608258\package\lib\server\dispatchers\frameDispatcher.js:88:55)
    at async DispatcherConnection.dispatch (C:\Users\HP\AppData\Local\Temp\playwright-java-3420212558932608258\package\lib\server\dispatchers\dispatcher.js:313:22)
}
at com.microsoft.playwright.impl.WaitableResult.get(WaitableResult.java:54)
at com.microsoft.playwright.impl.ChannelOwner.runUntil(ChannelOwner.java:111)
at com.microsoft.playwright.impl.Connection.sendMessage(Connection.java:126)
at com.microsoft.playwright.impl.ChannelOwner.sendMessage(ChannelOwner.java:102)
at com.microsoft.playwright.impl.FrameImpl.evaluateImpl(FrameImpl.java:304)
at com.microsoft.playwright.impl.PageImpl.lambda$evaluate$22(PageImpl.java:617)
at com.microsoft.playwright.impl.LoggingSupport.withLogging(LoggingSupport.java:47)
at com.microsoft.playwright.impl.ChannelOwner.withLogging(ChannelOwner.java:87)
at com.microsoft.playwright.impl.PageImpl.evaluate(PageImpl.java:617)
at The_Testing_Academy.KeyBoardMouseDemo.popUpTest(KeyBoardMouseDemo.java:54)
at java.base/jdk.internal.reflect.NativeMethodAccessorImpl.invoke0(Native Method)
at java.base/jdk.internal.reflect.NativeMethodAccessorImpl.invoke(NativeMethodAccessorImpl.java:77)
at java.base/jdk.internal.reflect.DelegatingMethodAccessorImpl.invoke(DelegatingMethodAccessorImpl.java:43)
at java.base/java.lang.reflect.Method.invoke(Method.java:568)
at org.testng.internal.MethodInvocationHelper.invokeMethod(MethodInvocationHelper.java:133)
at org.testng.internal.TestInvoker.invokeMethod(TestInvoker.java:598)
at org.testng.internal.TestInvoker.invokeTestMethod(TestInvoker.java:173)
at org.testng.internal.MethodRunner.runInSequence(MethodRunner.java:46)
at org.testng.internal.TestInvoker$MethodInvocationAgent.invoke(TestInvoker.java:824)
at org.testng.internal.TestInvoker.invokeTestMethods(TestInvoker.java:146)
at org.testng.internal.TestMethodWorker.invokeTestMethods(TestMethodWorker.java:146)
at org.testng.internal.TestMethodWorker.run(TestMethodWorker.java:128)
at java.base/java.util.ArrayList.forEach(ArrayList.java:1511)
at org.testng.TestRunner.privateRun(TestRunner.java:794)
at org.testng.TestRunner.run(TestRunner.java:596)
at org.testng.SuiteRunner.runTest(SuiteRunner.java:377)
at org.testng.SuiteRunner.runSequentially(SuiteRunner.java:371)
at org.testng.SuiteRunner.privateRun(SuiteRunner.java:332)
at org.testng.SuiteRunner.run(SuiteRunner.java:276)
at org.testng.SuiteRunnerWorker.runSuite(SuiteRunnerWorker.java:53)
at org.testng.SuiteRunnerWorker.run(SuiteRunnerWorker.java:96)
at org.testng.TestNG.runSuitesSequentially(TestNG.java:1212)
at org.testng.TestNG.runSuitesLocally(TestNG.java:1134)
at org.testng.TestNG.runSuites(TestNG.java:1063)
at org.testng.TestNG.run(TestNG.java:1031)
at org.testng.remote.AbstractRemoteTestNG.run(AbstractRemoteTestNG.java:115)
at org.testng.remote.RemoteTestNG.initAndRun(RemoteTestNG.java:251)
at org.testng.remote.RemoteTestNG.main(RemoteTestNG.java:77)
Caused by: com.microsoft.playwright.impl.DriverException: Error {
  message='TypeError: Cannot read properties of undefined (reading 'textContent')
    at eval (eval at evaluate (:216:30), <anonymous>:1:18)
    at UtilityScript.evaluate (<anonymous>:223:19)
    at UtilityScript.<anonymous> (<anonymous>:1:44)
  name='Error
  stack='Error: TypeError: Cannot read properties of undefined (reading 'textContent')
    at eval (eval at evaluate (:216:30), <anonymous>:1:18)
    at UtilityScript.evaluate (<anonymous>:223:19)
    at UtilityScript.<anonymous> (<anonymous>:1:44)
    at CRExecutionContext.evaluateWithArguments (C:\Users\HP\AppData\Local\Temp\playwright-java-3420212558932608258\package\lib\server\chromium\crExecutionContext.js:92:33)
    at async LongStandingScope._race (C:\Users\HP\AppData\Local\Temp\playwright-java-3420212558932608258\package\lib\utils\manualPromise.js:98:14)
    at async Object.evaluateExpression (C:\Users\HP\AppData\Local\Temp\playwright-java-3420212558932608258\package\lib\server\javascript.js:241:12)
    at async Frame.evaluateExpression (C:\Users\HP\AppData\Local\Temp\playwright-java-3420212558932608258\package\lib\server\frames.js:597:19)
    at async FrameDispatcher.evaluateExpression (C:\Users\HP\AppData\Local\Temp\playwright-java-3420212558932608258\package\lib\server\dispatchers\frameDispatcher.js:88:55)
    at async DispatcherConnection.dispatch (C:\Users\HP\AppData\Local\Temp\playwright-java-3420212558932608258\package\lib\server\dispatchers\dispatcher.js:313:22)
}
at com.microsoft.playwright.impl.Connection.dispatch(Connection.java:226)
at com.microsoft.playwright.impl.Connection.processOneMessage(Connection.java:206)
at com.microsoft.playwright.impl.ChannelOwner.runUntil(ChannelOwner.java:109)
... 36 more
]]>
    </error>
  </testcase> <!-- popUpTest -->
  <system-out/>
</testsuite> <!-- The_Testing_Academy.KeyBoardMouseDemo -->
